#-----------------------------------------------------------
# Vivado v2017.3 (64-bit)
# SW Build 2018833 on Wed Oct  4 19:58:22 MDT 2017
# IP Build 2016188 on Wed Oct  4 21:52:56 MDT 2017
# Start of session at: Mon Sep 19 22:44:02 2022
# Process ID: 8476
# Current directory: C:/Projects/MessageExtractor/MessageExtractor
# Command line: vivado.exe -gui_launcher_event rodinguilauncherevent8220 C:\Projects\MessageExtractor\MessageExtractor\MessageExtractor.xpr
# Log file: C:/Projects/MessageExtractor/MessageExtractor/vivado.log
# Journal file: C:/Projects/MessageExtractor/MessageExtractor\vivado.jou
#-----------------------------------------------------------
start_gui
open_project C:/Projects/MessageExtractor/MessageExtractor/MessageExtractor.xpr
Scanning sources...
Finished scanning sources
INFO: [IP_Flow 19-234] Refreshing IP repositories
INFO: [IP_Flow 19-1704] No user IP repositories specified
INFO: [IP_Flow 19-2313] Loaded Vivado IP repository 'C:/Xilinx/Vivado/2017.3/data/ip'.
update_compile_order -fileset sources_1
exit
INFO: [Common 17-206] Exiting Vivado at Mon Sep 19 22:44:36 2022...
